2018-01-29 17:22:18,568 [Worker-4] INFO  c.g.t.t.d.PublishedGradleVersions - Gradle version information cache is up-to-date. Trying to read.
2018-01-29 17:22:54,069 [Worker-7] INFO  o.e.m.c.i.l.LifecycleMappingFactory - Using org.eclipse.m2e.jdt.JarLifecycleMapping lifecycle mapping for MavenProject: GestorTramas_v2.0:GestorTramas_v2.0:1 @ C:\Users\claud\Desktop\workspaceD20\GestorTramas_v2.0\pom.xml.
2018-01-29 17:22:54,186 [Worker-12] INFO  o.e.m.c.i.l.LifecycleMappingFactory - Using org.eclipse.m2e.jdt.JarLifecycleMapping lifecycle mapping for MavenProject: GestorTramas_v2.0:GestorTramas_v2.0:1 @ C:\Users\claud\Desktop\workspaceD20\GestorTramas_v2.0\pom.xml.
2018-01-29 17:22:55,456 [Worker-12] WARN  o.e.m.c.i.embedder.EclipseLogger - Using platform encoding (Cp1252 actually) to copy filtered resources, i.e. build is platform dependent!
2018-01-29 17:22:55,471 [Worker-12] INFO  o.e.m.c.i.embedder.EclipseLogger - Copying 53 resources
2018-01-29 17:22:55,638 [Worker-12] WARN  o.e.m.c.i.embedder.EclipseLogger - Using platform encoding (Cp1252 actually) to copy filtered resources, i.e. build is platform dependent!
2018-01-29 17:22:55,639 [Worker-12] INFO  o.e.m.c.i.embedder.EclipseLogger - skip non existing resourceDirectory C:\Users\claud\Desktop\workspaceD20\GestorTramas_v2.0\src\test\resources
2018-01-29 17:22:57,146 [Worker-6] INFO  o.e.m.c.i.l.LifecycleMappingFactory - Using org.eclipse.m2e.jdt.JarLifecycleMapping lifecycle mapping for MavenProject: GestorTramas_v2.0:GestorTramas_v2.0:1 @ C:\Users\claud\Desktop\workspaceD20\GestorTramas_v2.0\pom.xml.
2018-01-29 17:23:01,022 [Worker-12] WARN  o.e.m.c.i.embedder.EclipseLogger - Using platform encoding (Cp1252 actually) to copy filtered resources, i.e. build is platform dependent!
2018-01-29 17:23:01,035 [Worker-12] INFO  o.e.m.c.i.embedder.EclipseLogger - Copying 53 resources
2018-01-29 17:23:01,235 [Worker-12] WARN  o.e.m.c.i.embedder.EclipseLogger - Using platform encoding (Cp1252 actually) to copy filtered resources, i.e. build is platform dependent!
2018-01-29 17:23:01,236 [Worker-12] INFO  o.e.m.c.i.embedder.EclipseLogger - skip non existing resourceDirectory C:\Users\claud\Desktop\workspaceD20\GestorTramas_v2.0\src\test\resources
2018-01-29 17:23:15,979 [Worker-4] WARN  o.e.m.c.i.embedder.EclipseLogger - Using platform encoding (Cp1252 actually) to copy filtered resources, i.e. build is platform dependent!
2018-01-29 17:23:15,984 [Worker-4] INFO  o.e.m.c.i.embedder.EclipseLogger - Copying 0 resource
2018-01-29 17:23:15,987 [Worker-4] WARN  o.e.m.c.i.embedder.EclipseLogger - Using platform encoding (Cp1252 actually) to copy filtered resources, i.e. build is platform dependent!
2018-01-29 17:23:15,988 [Worker-4] INFO  o.e.m.c.i.embedder.EclipseLogger - skip non existing resourceDirectory C:\Users\claud\Desktop\workspaceD20\GestorTramas_v2.0\src\test\resources
2018-01-29 17:32:27,641 [Worker-2] INFO  c.g.t.t.d.PublishedGradleVersions - Gradle version information cache is up-to-date. Trying to read.
2018-01-29 17:32:35,196 [Worker-20] WARN  o.e.m.c.i.embedder.EclipseLogger - Using platform encoding (Cp1252 actually) to copy filtered resources, i.e. build is platform dependent!
2018-01-29 17:32:35,204 [Worker-20] INFO  o.e.m.c.i.embedder.EclipseLogger - Copying 53 resources
2018-01-29 17:32:35,372 [Worker-20] WARN  o.e.m.c.i.embedder.EclipseLogger - Using platform encoding (Cp1252 actually) to copy filtered resources, i.e. build is platform dependent!
2018-01-29 17:32:35,373 [Worker-20] INFO  o.e.m.c.i.embedder.EclipseLogger - skip non existing resourceDirectory C:\Users\claud\Desktop\workspaceD20\GestorTramas_v2.0\src\test\resources
2018-01-29 17:32:36,978 [Worker-11] INFO  o.e.m.c.i.l.LifecycleMappingFactory - Using org.eclipse.m2e.jdt.JarLifecycleMapping lifecycle mapping for MavenProject: GestorTramas_v2.0:GestorTramas_v2.0:1 @ C:\Users\claud\Desktop\workspaceD20\GestorTramas_v2.0\pom.xml.
2018-01-29 17:32:37,778 [Worker-11] WARN  o.e.m.c.i.embedder.EclipseLogger - Using platform encoding (Cp1252 actually) to copy filtered resources, i.e. build is platform dependent!
2018-01-29 17:32:37,780 [Worker-11] INFO  o.e.m.c.i.embedder.EclipseLogger - Copying 0 resource
2018-01-29 17:32:37,782 [Worker-11] WARN  o.e.m.c.i.embedder.EclipseLogger - Using platform encoding (Cp1252 actually) to copy filtered resources, i.e. build is platform dependent!
2018-01-29 17:32:37,782 [Worker-11] INFO  o.e.m.c.i.embedder.EclipseLogger - skip non existing resourceDirectory C:\Users\claud\Desktop\workspaceD20\GestorTramas_v2.0\src\test\resources
2018-01-29 17:32:42,301 [Worker-6] ERROR o.e.m.j.i.l.MavenLaunchConfigurationListener - Launch configuration GestorApp references non-existing project GestorTramas_v2.0.
org.eclipse.core.runtime.CoreException: Launch configuration GestorApp references non-existing project GestorTramas_v2.0.
	at org.eclipse.jdt.launching.JavaRuntime.abort(JavaRuntime.java:1691) ~[org.eclipse.jdt.launching_3.9.50.v20171009-0349.jar:na]
	at org.eclipse.jdt.launching.JavaRuntime.getJavaProject(JavaRuntime.java:1566) ~[org.eclipse.jdt.launching_3.9.50.v20171009-0349.jar:na]
	at org.eclipse.m2e.jdt.internal.launch.MavenLaunchConfigurationListener.updateLaunchConfiguration(MavenLaunchConfigurationListener.java:53) [org.eclipse.m2e.jdt_1.8.2.20171007-0217.jar:na]
	at org.eclipse.m2e.jdt.internal.launch.MavenLaunchConfigurationListener.launchConfigurationChanged(MavenLaunchConfigurationListener.java:38) [org.eclipse.m2e.jdt_1.8.2.20171007-0217.jar:na]
	at org.eclipse.debug.internal.core.LaunchManager$ConfigurationNotifier.run(LaunchManager.java:226) [org.eclipse.debug.core_3.11.0.v20170605-1534.jar:na]
	at org.eclipse.core.runtime.SafeRunner.run(SafeRunner.java:42) [org.eclipse.equinox.common_3.9.0.v20170207-1454.jar:na]
	at org.eclipse.debug.internal.core.LaunchManager$ConfigurationNotifier.notify(LaunchManager.java:207) [org.eclipse.debug.core_3.11.0.v20170605-1534.jar:na]
	at org.eclipse.debug.internal.core.LaunchConfigurationWorkingCopy.setDirty(LaunchConfigurationWorkingCopy.java:552) [org.eclipse.debug.core_3.11.0.v20170605-1534.jar:na]
	at org.eclipse.debug.internal.core.LaunchConfigurationWorkingCopy.setAttribute(LaunchConfigurationWorkingCopy.java:425) [org.eclipse.debug.core_3.11.0.v20170605-1534.jar:na]
	at org.eclipse.m2e.jdt.internal.launch.MavenRuntimeClasspathProvider.disable(MavenRuntimeClasspathProvider.java:309) [org.eclipse.m2e.jdt_1.8.2.20171007-0217.jar:na]
	at org.eclipse.m2e.jdt.internal.launch.MavenRuntimeClasspathProvider.disable(MavenRuntimeClasspathProvider.java:335) [org.eclipse.m2e.jdt_1.8.2.20171007-0217.jar:na]
	at org.eclipse.m2e.jdt.internal.launch.MavenLaunchConfigurationListener.mavenProjectChanged(MavenLaunchConfigurationListener.java:70) [org.eclipse.m2e.jdt_1.8.2.20171007-0217.jar:na]
	at org.eclipse.m2e.core.internal.project.registry.ProjectRegistryManager.notifyProjectChangeListeners(ProjectRegistryManager.java:783) [org.eclipse.m2e.core_1.8.2.20171007-0217.jar:na]
	at org.eclipse.m2e.core.internal.project.registry.ProjectRegistryManager.applyMutableProjectRegistry(ProjectRegistryManager.java:930) [org.eclipse.m2e.core_1.8.2.20171007-0217.jar:na]
	at org.eclipse.m2e.core.internal.project.registry.ProjectRegistryRefreshJob$1.call(ProjectRegistryRefreshJob.java:98) [org.eclipse.m2e.core_1.8.2.20171007-0217.jar:na]
	at org.eclipse.m2e.core.internal.project.registry.ProjectRegistryRefreshJob$1.call(ProjectRegistryRefreshJob.java:1) [org.eclipse.m2e.core_1.8.2.20171007-0217.jar:na]
	at org.eclipse.m2e.core.internal.embedder.MavenExecutionContext.executeBare(MavenExecutionContext.java:177) [org.eclipse.m2e.core_1.8.2.20171007-0217.jar:na]
	at org.eclipse.m2e.core.internal.embedder.MavenExecutionContext.execute(MavenExecutionContext.java:151) [org.eclipse.m2e.core_1.8.2.20171007-0217.jar:na]
	at org.eclipse.m2e.core.internal.embedder.MavenExecutionContext.execute(MavenExecutionContext.java:99) [org.eclipse.m2e.core_1.8.2.20171007-0217.jar:na]
	at org.eclipse.m2e.core.internal.embedder.MavenImpl.execute(MavenImpl.java:1355) [org.eclipse.m2e.core_1.8.2.20171007-0217.jar:na]
	at org.eclipse.m2e.core.internal.project.registry.ProjectRegistryRefreshJob.run(ProjectRegistryRefreshJob.java:81) [org.eclipse.m2e.core_1.8.2.20171007-0217.jar:na]
	at org.eclipse.core.internal.jobs.Worker.run(Worker.java:56) [org.eclipse.core.jobs_3.9.1.v20170714-0547.jar:na]
2018-01-29 17:32:42,303 [Worker-6] ERROR o.e.m.j.i.l.MavenLaunchConfigurationListener - Launch configuration GestorApp references non-existing project GestorTramas_v2.0.
org.eclipse.core.runtime.CoreException: Launch configuration GestorApp references non-existing project GestorTramas_v2.0.
	at org.eclipse.jdt.launching.JavaRuntime.abort(JavaRuntime.java:1691) ~[org.eclipse.jdt.launching_3.9.50.v20171009-0349.jar:na]
	at org.eclipse.jdt.launching.JavaRuntime.getJavaProject(JavaRuntime.java:1566) ~[org.eclipse.jdt.launching_3.9.50.v20171009-0349.jar:na]
	at org.eclipse.m2e.jdt.internal.launch.MavenLaunchConfigurationListener.updateLaunchConfiguration(MavenLaunchConfigurationListener.java:53) [org.eclipse.m2e.jdt_1.8.2.20171007-0217.jar:na]
	at org.eclipse.m2e.jdt.internal.launch.MavenLaunchConfigurationListener.launchConfigurationChanged(MavenLaunchConfigurationListener.java:38) [org.eclipse.m2e.jdt_1.8.2.20171007-0217.jar:na]
	at org.eclipse.debug.internal.core.LaunchManager$ConfigurationNotifier.run(LaunchManager.java:226) [org.eclipse.debug.core_3.11.0.v20170605-1534.jar:na]
	at org.eclipse.core.runtime.SafeRunner.run(SafeRunner.java:42) [org.eclipse.equinox.common_3.9.0.v20170207-1454.jar:na]
	at org.eclipse.debug.internal.core.LaunchManager$ConfigurationNotifier.notify(LaunchManager.java:207) [org.eclipse.debug.core_3.11.0.v20170605-1534.jar:na]
	at org.eclipse.debug.internal.core.LaunchConfigurationWorkingCopy.setDirty(LaunchConfigurationWorkingCopy.java:552) [org.eclipse.debug.core_3.11.0.v20170605-1534.jar:na]
	at org.eclipse.debug.internal.core.LaunchConfigurationWorkingCopy.setAttribute(LaunchConfigurationWorkingCopy.java:425) [org.eclipse.debug.core_3.11.0.v20170605-1534.jar:na]
	at org.eclipse.m2e.jdt.internal.launch.MavenRuntimeClasspathProvider.disable(MavenRuntimeClasspathProvider.java:310) [org.eclipse.m2e.jdt_1.8.2.20171007-0217.jar:na]
	at org.eclipse.m2e.jdt.internal.launch.MavenRuntimeClasspathProvider.disable(MavenRuntimeClasspathProvider.java:335) [org.eclipse.m2e.jdt_1.8.2.20171007-0217.jar:na]
	at org.eclipse.m2e.jdt.internal.launch.MavenLaunchConfigurationListener.mavenProjectChanged(MavenLaunchConfigurationListener.java:70) [org.eclipse.m2e.jdt_1.8.2.20171007-0217.jar:na]
	at org.eclipse.m2e.core.internal.project.registry.ProjectRegistryManager.notifyProjectChangeListeners(ProjectRegistryManager.java:783) [org.eclipse.m2e.core_1.8.2.20171007-0217.jar:na]
	at org.eclipse.m2e.core.internal.project.registry.ProjectRegistryManager.applyMutableProjectRegistry(ProjectRegistryManager.java:930) [org.eclipse.m2e.core_1.8.2.20171007-0217.jar:na]
	at org.eclipse.m2e.core.internal.project.registry.ProjectRegistryRefreshJob$1.call(ProjectRegistryRefreshJob.java:98) [org.eclipse.m2e.core_1.8.2.20171007-0217.jar:na]
	at org.eclipse.m2e.core.internal.project.registry.ProjectRegistryRefreshJob$1.call(ProjectRegistryRefreshJob.java:1) [org.eclipse.m2e.core_1.8.2.20171007-0217.jar:na]
	at org.eclipse.m2e.core.internal.embedder.MavenExecutionContext.executeBare(MavenExecutionContext.java:177) [org.eclipse.m2e.core_1.8.2.20171007-0217.jar:na]
	at org.eclipse.m2e.core.internal.embedder.MavenExecutionContext.execute(MavenExecutionContext.java:151) [org.eclipse.m2e.core_1.8.2.20171007-0217.jar:na]
	at org.eclipse.m2e.core.internal.embedder.MavenExecutionContext.execute(MavenExecutionContext.java:99) [org.eclipse.m2e.core_1.8.2.20171007-0217.jar:na]
	at org.eclipse.m2e.core.internal.embedder.MavenImpl.execute(MavenImpl.java:1355) [org.eclipse.m2e.core_1.8.2.20171007-0217.jar:na]
	at org.eclipse.m2e.core.internal.project.registry.ProjectRegistryRefreshJob.run(ProjectRegistryRefreshJob.java:81) [org.eclipse.m2e.core_1.8.2.20171007-0217.jar:na]
	at org.eclipse.core.internal.jobs.Worker.run(Worker.java:56) [org.eclipse.core.jobs_3.9.1.v20170714-0547.jar:na]
2018-01-29 17:32:42,316 [Worker-6] ERROR o.e.m.j.i.l.MavenLaunchConfigurationListener - Launch configuration GestorApp references non-existing project GestorTramas_v2.0.
org.eclipse.core.runtime.CoreException: Launch configuration GestorApp references non-existing project GestorTramas_v2.0.
	at org.eclipse.jdt.launching.JavaRuntime.abort(JavaRuntime.java:1691) ~[org.eclipse.jdt.launching_3.9.50.v20171009-0349.jar:na]
	at org.eclipse.jdt.launching.JavaRuntime.getJavaProject(JavaRuntime.java:1566) ~[org.eclipse.jdt.launching_3.9.50.v20171009-0349.jar:na]
	at org.eclipse.m2e.jdt.internal.launch.MavenLaunchConfigurationListener.updateLaunchConfiguration(MavenLaunchConfigurationListener.java:53) [org.eclipse.m2e.jdt_1.8.2.20171007-0217.jar:na]
	at org.eclipse.m2e.jdt.internal.launch.MavenLaunchConfigurationListener.launchConfigurationChanged(MavenLaunchConfigurationListener.java:38) [org.eclipse.m2e.jdt_1.8.2.20171007-0217.jar:na]
	at org.eclipse.debug.internal.core.LaunchManager$ConfigurationNotifier.run(LaunchManager.java:226) [org.eclipse.debug.core_3.11.0.v20170605-1534.jar:na]
	at org.eclipse.core.runtime.SafeRunner.run(SafeRunner.java:42) [org.eclipse.equinox.common_3.9.0.v20170207-1454.jar:na]
	at org.eclipse.debug.internal.core.LaunchManager$ConfigurationNotifier.notify(LaunchManager.java:207) [org.eclipse.debug.core_3.11.0.v20170605-1534.jar:na]
	at org.eclipse.debug.internal.core.LaunchManager.launchConfigurationChanged(LaunchManager.java:2166) [org.eclipse.debug.core_3.11.0.v20170605-1534.jar:na]
	at org.eclipse.debug.internal.core.LaunchConfigurationWorkingCopy.writeNewFile(LaunchConfigurationWorkingCopy.java:384) [org.eclipse.debug.core_3.11.0.v20170605-1534.jar:na]
	at org.eclipse.debug.internal.core.LaunchConfigurationWorkingCopy.doSave0(LaunchConfigurationWorkingCopy.java:250) [org.eclipse.debug.core_3.11.0.v20170605-1534.jar:na]
	at org.eclipse.debug.internal.core.LaunchConfigurationWorkingCopy.doSave(LaunchConfigurationWorkingCopy.java:220) [org.eclipse.debug.core_3.11.0.v20170605-1534.jar:na]
	at org.eclipse.debug.internal.core.LaunchConfigurationWorkingCopy.doSave(LaunchConfigurationWorkingCopy.java:173) [org.eclipse.debug.core_3.11.0.v20170605-1534.jar:na]
	at org.eclipse.m2e.jdt.internal.launch.MavenRuntimeClasspathProvider.disable(MavenRuntimeClasspathProvider.java:311) [org.eclipse.m2e.jdt_1.8.2.20171007-0217.jar:na]
	at org.eclipse.m2e.jdt.internal.launch.MavenRuntimeClasspathProvider.disable(MavenRuntimeClasspathProvider.java:335) [org.eclipse.m2e.jdt_1.8.2.20171007-0217.jar:na]
	at org.eclipse.m2e.jdt.internal.launch.MavenLaunchConfigurationListener.mavenProjectChanged(MavenLaunchConfigurationListener.java:70) [org.eclipse.m2e.jdt_1.8.2.20171007-0217.jar:na]
	at org.eclipse.m2e.core.internal.project.registry.ProjectRegistryManager.notifyProjectChangeListeners(ProjectRegistryManager.java:783) [org.eclipse.m2e.core_1.8.2.20171007-0217.jar:na]
	at org.eclipse.m2e.core.internal.project.registry.ProjectRegistryManager.applyMutableProjectRegistry(ProjectRegistryManager.java:930) [org.eclipse.m2e.core_1.8.2.20171007-0217.jar:na]
	at org.eclipse.m2e.core.internal.project.registry.ProjectRegistryRefreshJob$1.call(ProjectRegistryRefreshJob.java:98) [org.eclipse.m2e.core_1.8.2.20171007-0217.jar:na]
	at org.eclipse.m2e.core.internal.project.registry.ProjectRegistryRefreshJob$1.call(ProjectRegistryRefreshJob.java:1) [org.eclipse.m2e.core_1.8.2.20171007-0217.jar:na]
	at org.eclipse.m2e.core.internal.embedder.MavenExecutionContext.executeBare(MavenExecutionContext.java:177) [org.eclipse.m2e.core_1.8.2.20171007-0217.jar:na]
	at org.eclipse.m2e.core.internal.embedder.MavenExecutionContext.execute(MavenExecutionContext.java:151) [org.eclipse.m2e.core_1.8.2.20171007-0217.jar:na]
	at org.eclipse.m2e.core.internal.embedder.MavenExecutionContext.execute(MavenExecutionContext.java:99) [org.eclipse.m2e.core_1.8.2.20171007-0217.jar:na]
	at org.eclipse.m2e.core.internal.embedder.MavenImpl.execute(MavenImpl.java:1355) [org.eclipse.m2e.core_1.8.2.20171007-0217.jar:na]
	at org.eclipse.m2e.core.internal.project.registry.ProjectRegistryRefreshJob.run(ProjectRegistryRefreshJob.java:81) [org.eclipse.m2e.core_1.8.2.20171007-0217.jar:na]
	at org.eclipse.core.internal.jobs.Worker.run(Worker.java:56) [org.eclipse.core.jobs_3.9.1.v20170714-0547.jar:na]
2018-01-29 17:32:57,385 [Worker-10] INFO  o.e.m.c.i.l.LifecycleMappingFactory - Using org.eclipse.m2e.jdt.JarLifecycleMapping lifecycle mapping for MavenProject: GestorTramas_v2.0:GestorTramas_v2.0:1 @ C:\Users\claud\Desktop\workspaceD20\GestorTramas_v2.0\pom.xml.
2018-01-29 17:32:57,687 [Worker-10] WARN  o.e.m.c.i.embedder.EclipseLogger - Using platform encoding (Cp1252 actually) to copy filtered resources, i.e. build is platform dependent!
2018-01-29 17:32:57,689 [Worker-10] INFO  o.e.m.c.i.embedder.EclipseLogger - Copying 53 resources
2018-01-29 17:32:58,258 [Worker-10] WARN  o.e.m.c.i.embedder.EclipseLogger - Using platform encoding (Cp1252 actually) to copy filtered resources, i.e. build is platform dependent!
2018-01-29 17:32:58,258 [Worker-10] INFO  o.e.m.c.i.embedder.EclipseLogger - skip non existing resourceDirectory C:\Users\claud\Desktop\workspaceD20\GestorTramas_v2.0\src\test\resources
2018-01-29 17:33:00,763 [Worker-19] WARN  o.e.m.c.i.embedder.EclipseLogger - Using platform encoding (Cp1252 actually) to copy filtered resources, i.e. build is platform dependent!
2018-01-29 17:33:00,775 [Worker-19] INFO  o.e.m.c.i.embedder.EclipseLogger - Copying 53 resources
2018-01-29 17:33:01,347 [Worker-19] WARN  o.e.m.c.i.embedder.EclipseLogger - Using platform encoding (Cp1252 actually) to copy filtered resources, i.e. build is platform dependent!
2018-01-29 17:33:01,348 [Worker-19] INFO  o.e.m.c.i.embedder.EclipseLogger - skip non existing resourceDirectory C:\Users\claud\Desktop\workspaceD20\GestorTramas_v2.0\src\test\resources
2018-01-29 17:35:43,591 [Worker-4] WARN  o.e.m.c.i.embedder.EclipseLogger - Using platform encoding (Cp1252 actually) to copy filtered resources, i.e. build is platform dependent!
2018-01-29 17:35:43,592 [Worker-4] INFO  o.e.m.c.i.embedder.EclipseLogger - Copying 0 resource
2018-01-29 17:35:43,593 [Worker-4] WARN  o.e.m.c.i.embedder.EclipseLogger - Using platform encoding (Cp1252 actually) to copy filtered resources, i.e. build is platform dependent!
2018-01-29 17:35:43,594 [Worker-4] INFO  o.e.m.c.i.embedder.EclipseLogger - skip non existing resourceDirectory C:\Users\claud\Desktop\workspaceD20\GestorTramas_v2.0\src\test\resources
2018-01-29 17:37:49,085 [Worker-17] WARN  o.e.m.c.i.embedder.EclipseLogger - Using platform encoding (Cp1252 actually) to copy filtered resources, i.e. build is platform dependent!
2018-01-29 17:37:49,087 [Worker-17] INFO  o.e.m.c.i.embedder.EclipseLogger - Copying 1 resource
2018-01-29 17:37:49,090 [Worker-17] WARN  o.e.m.c.i.embedder.EclipseLogger - Using platform encoding (Cp1252 actually) to copy filtered resources, i.e. build is platform dependent!
2018-01-29 17:37:49,091 [Worker-17] INFO  o.e.m.c.i.embedder.EclipseLogger - skip non existing resourceDirectory C:\Users\claud\Desktop\workspaceD20\GestorTramas_v2.0\src\test\resources
2018-01-29 17:40:47,027 [Worker-8] WARN  o.e.m.c.i.embedder.EclipseLogger - Using platform encoding (Cp1252 actually) to copy filtered resources, i.e. build is platform dependent!
2018-01-29 17:40:47,028 [Worker-8] INFO  o.e.m.c.i.embedder.EclipseLogger - Copying 1 resource
2018-01-29 17:40:47,031 [Worker-8] WARN  o.e.m.c.i.embedder.EclipseLogger - Using platform encoding (Cp1252 actually) to copy filtered resources, i.e. build is platform dependent!
2018-01-29 17:40:47,032 [Worker-8] INFO  o.e.m.c.i.embedder.EclipseLogger - skip non existing resourceDirectory C:\Users\claud\Desktop\workspaceD20\GestorTramas_v2.0\src\test\resources
2018-01-29 17:41:04,772 [Worker-8] WARN  o.e.m.c.i.embedder.EclipseLogger - Using platform encoding (Cp1252 actually) to copy filtered resources, i.e. build is platform dependent!
2018-01-29 17:41:04,785 [Worker-8] INFO  o.e.m.c.i.embedder.EclipseLogger - Copying 73 resources
2018-01-29 17:41:04,861 [Worker-8] WARN  o.e.m.c.i.embedder.EclipseLogger - Using platform encoding (Cp1252 actually) to copy filtered resources, i.e. build is platform dependent!
2018-01-29 17:41:04,862 [Worker-8] INFO  o.e.m.c.i.embedder.EclipseLogger - skip non existing resourceDirectory C:\Users\claud\Desktop\workspaceD20\GestorTramas_v2.0\src\test\resources
2018-01-29 17:41:36,192 [Worker-17] WARN  o.e.m.c.i.embedder.EclipseLogger - Using platform encoding (Cp1252 actually) to copy filtered resources, i.e. build is platform dependent!
2018-01-29 17:41:36,193 [Worker-17] INFO  o.e.m.c.i.embedder.EclipseLogger - Copying 1 resource
2018-01-29 17:41:36,197 [Worker-17] WARN  o.e.m.c.i.embedder.EclipseLogger - Using platform encoding (Cp1252 actually) to copy filtered resources, i.e. build is platform dependent!
2018-01-29 17:41:36,198 [Worker-17] INFO  o.e.m.c.i.embedder.EclipseLogger - skip non existing resourceDirectory C:\Users\claud\Desktop\workspaceD20\GestorTramas_v2.0\src\test\resources
2018-01-29 17:42:00,379 [Worker-22] WARN  o.e.m.c.i.embedder.EclipseLogger - Using platform encoding (Cp1252 actually) to copy filtered resources, i.e. build is platform dependent!
2018-01-29 17:42:00,380 [Worker-22] INFO  o.e.m.c.i.embedder.EclipseLogger - Copying 1 resource
2018-01-29 17:42:00,383 [Worker-22] WARN  o.e.m.c.i.embedder.EclipseLogger - Using platform encoding (Cp1252 actually) to copy filtered resources, i.e. build is platform dependent!
2018-01-29 17:42:00,384 [Worker-22] INFO  o.e.m.c.i.embedder.EclipseLogger - skip non existing resourceDirectory C:\Users\claud\Desktop\workspaceD20\GestorTramas_v2.0\src\test\resources
2018-01-29 17:44:12,577 [Worker-22] WARN  o.e.m.c.i.embedder.EclipseLogger - Using platform encoding (Cp1252 actually) to copy filtered resources, i.e. build is platform dependent!
2018-01-29 17:44:12,578 [Worker-22] INFO  o.e.m.c.i.embedder.EclipseLogger - Copying 1 resource
2018-01-29 17:44:12,581 [Worker-22] WARN  o.e.m.c.i.embedder.EclipseLogger - Using platform encoding (Cp1252 actually) to copy filtered resources, i.e. build is platform dependent!
2018-01-29 17:44:12,582 [Worker-22] INFO  o.e.m.c.i.embedder.EclipseLogger - skip non existing resourceDirectory C:\Users\claud\Desktop\workspaceD20\GestorTramas_v2.0\src\test\resources
2018-01-29 17:45:12,038 [Worker-23] WARN  o.e.m.c.i.embedder.EclipseLogger - Using platform encoding (Cp1252 actually) to copy filtered resources, i.e. build is platform dependent!
2018-01-29 17:45:12,039 [Worker-23] INFO  o.e.m.c.i.embedder.EclipseLogger - Copying 1 resource
2018-01-29 17:45:12,042 [Worker-23] WARN  o.e.m.c.i.embedder.EclipseLogger - Using platform encoding (Cp1252 actually) to copy filtered resources, i.e. build is platform dependent!
2018-01-29 17:45:12,043 [Worker-23] INFO  o.e.m.c.i.embedder.EclipseLogger - skip non existing resourceDirectory C:\Users\claud\Desktop\workspaceD20\GestorTramas_v2.0\src\test\resources
2018-01-29 18:03:16,356 [Worker-26] WARN  o.e.m.c.i.embedder.EclipseLogger - Using platform encoding (Cp1252 actually) to copy filtered resources, i.e. build is platform dependent!
2018-01-29 18:03:16,357 [Worker-26] INFO  o.e.m.c.i.embedder.EclipseLogger - Copying 3 resources
2018-01-29 18:03:16,362 [Worker-26] WARN  o.e.m.c.i.embedder.EclipseLogger - Using platform encoding (Cp1252 actually) to copy filtered resources, i.e. build is platform dependent!
2018-01-29 18:03:16,363 [Worker-26] INFO  o.e.m.c.i.embedder.EclipseLogger - skip non existing resourceDirectory C:\Users\claud\Desktop\workspaceD20\GestorTramas_v2.0\src\test\resources
2018-01-29 18:04:45,940 [Worker-26] WARN  o.e.m.c.i.embedder.EclipseLogger - Using platform encoding (Cp1252 actually) to copy filtered resources, i.e. build is platform dependent!
2018-01-29 18:04:45,941 [Worker-26] INFO  o.e.m.c.i.embedder.EclipseLogger - Copying 1 resource
2018-01-29 18:04:45,944 [Worker-26] WARN  o.e.m.c.i.embedder.EclipseLogger - Using platform encoding (Cp1252 actually) to copy filtered resources, i.e. build is platform dependent!
2018-01-29 18:04:45,945 [Worker-26] INFO  o.e.m.c.i.embedder.EclipseLogger - skip non existing resourceDirectory C:\Users\claud\Desktop\workspaceD20\GestorTramas_v2.0\src\test\resources
2018-01-29 18:04:47,004 [Worker-25] WARN  o.e.m.c.i.embedder.EclipseLogger - Using platform encoding (Cp1252 actually) to copy filtered resources, i.e. build is platform dependent!
2018-01-29 18:04:47,005 [Worker-25] INFO  o.e.m.c.i.embedder.EclipseLogger - Copying 1 resource
2018-01-29 18:04:47,008 [Worker-25] WARN  o.e.m.c.i.embedder.EclipseLogger - Using platform encoding (Cp1252 actually) to copy filtered resources, i.e. build is platform dependent!
2018-01-29 18:04:47,009 [Worker-25] INFO  o.e.m.c.i.embedder.EclipseLogger - skip non existing resourceDirectory C:\Users\claud\Desktop\workspaceD20\GestorTramas_v2.0\src\test\resources
2018-01-29 18:07:04,311 [Worker-22] WARN  o.e.m.c.i.embedder.EclipseLogger - Using platform encoding (Cp1252 actually) to copy filtered resources, i.e. build is platform dependent!
2018-01-29 18:07:04,312 [Worker-22] INFO  o.e.m.c.i.embedder.EclipseLogger - Copying 1 resource
2018-01-29 18:07:04,317 [Worker-22] WARN  o.e.m.c.i.embedder.EclipseLogger - Using platform encoding (Cp1252 actually) to copy filtered resources, i.e. build is platform dependent!
2018-01-29 18:07:04,317 [Worker-22] INFO  o.e.m.c.i.embedder.EclipseLogger - skip non existing resourceDirectory C:\Users\claud\Desktop\workspaceD20\GestorTramas_v2.0\src\test\resources
2018-01-29 18:07:39,312 [Worker-26] WARN  o.e.m.c.i.embedder.EclipseLogger - Using platform encoding (Cp1252 actually) to copy filtered resources, i.e. build is platform dependent!
2018-01-29 18:07:39,313 [Worker-26] INFO  o.e.m.c.i.embedder.EclipseLogger - Copying 1 resource
2018-01-29 18:07:39,315 [Worker-26] WARN  o.e.m.c.i.embedder.EclipseLogger - Using platform encoding (Cp1252 actually) to copy filtered resources, i.e. build is platform dependent!
2018-01-29 18:07:39,316 [Worker-26] INFO  o.e.m.c.i.embedder.EclipseLogger - skip non existing resourceDirectory C:\Users\claud\Desktop\workspaceD20\GestorTramas_v2.0\src\test\resources
2018-01-29 18:07:54,948 [Worker-22] WARN  o.e.m.c.i.embedder.EclipseLogger - Using platform encoding (Cp1252 actually) to copy filtered resources, i.e. build is platform dependent!
2018-01-29 18:07:54,949 [Worker-22] INFO  o.e.m.c.i.embedder.EclipseLogger - Copying 1 resource
2018-01-29 18:07:54,952 [Worker-22] WARN  o.e.m.c.i.embedder.EclipseLogger - Using platform encoding (Cp1252 actually) to copy filtered resources, i.e. build is platform dependent!
2018-01-29 18:07:54,954 [Worker-22] INFO  o.e.m.c.i.embedder.EclipseLogger - skip non existing resourceDirectory C:\Users\claud\Desktop\workspaceD20\GestorTramas_v2.0\src\test\resources
2018-01-29 18:08:45,769 [Worker-26] WARN  o.e.m.c.i.embedder.EclipseLogger - Using platform encoding (Cp1252 actually) to copy filtered resources, i.e. build is platform dependent!
2018-01-29 18:08:45,770 [Worker-26] INFO  o.e.m.c.i.embedder.EclipseLogger - Copying 1 resource
2018-01-29 18:08:45,774 [Worker-26] WARN  o.e.m.c.i.embedder.EclipseLogger - Using platform encoding (Cp1252 actually) to copy filtered resources, i.e. build is platform dependent!
2018-01-29 18:08:45,775 [Worker-26] INFO  o.e.m.c.i.embedder.EclipseLogger - skip non existing resourceDirectory C:\Users\claud\Desktop\workspaceD20\GestorTramas_v2.0\src\test\resources
2018-01-31 17:47:25,394 [Worker-2] INFO  c.g.t.t.d.PublishedGradleVersions - Gradle version information cache is out-of-date. Trying to update.
2018-01-31 17:47:33,587 [Worker-10] WARN  o.e.m.c.i.embedder.EclipseLogger - Using platform encoding (Cp1252 actually) to copy filtered resources, i.e. build is platform dependent!
2018-01-31 17:47:33,614 [Worker-10] INFO  o.e.m.c.i.embedder.EclipseLogger - Copying 72 resources
2018-01-31 17:47:33,646 [Worker-10] WARN  o.e.m.c.i.embedder.EclipseLogger - Using platform encoding (Cp1252 actually) to copy filtered resources, i.e. build is platform dependent!
2018-01-31 17:47:33,648 [Worker-10] INFO  o.e.m.c.i.embedder.EclipseLogger - skip non existing resourceDirectory C:\Users\claud\Desktop\workspaceD20\GestorTramas_v2.0\src\test\resources
2018-01-31 17:47:38,479 [Worker-6] INFO  o.e.m.c.i.l.LifecycleMappingFactory - Using org.eclipse.m2e.jdt.JarLifecycleMapping lifecycle mapping for MavenProject: GestorTramas_v2.0:GestorTramas_v2.0:1 @ C:\Users\claud\Desktop\workspaceD20\GestorTramas_v2.0\pom.xml.
2018-01-31 17:47:39,007 [Worker-6] WARN  o.e.m.c.i.embedder.EclipseLogger - Using platform encoding (Cp1252 actually) to copy filtered resources, i.e. build is platform dependent!
2018-01-31 17:47:39,009 [Worker-6] INFO  o.e.m.c.i.embedder.EclipseLogger - Copying 0 resource
2018-01-31 17:47:39,010 [Worker-6] WARN  o.e.m.c.i.embedder.EclipseLogger - Using platform encoding (Cp1252 actually) to copy filtered resources, i.e. build is platform dependent!
2018-01-31 17:47:39,011 [Worker-6] INFO  o.e.m.c.i.embedder.EclipseLogger - skip non existing resourceDirectory C:\Users\claud\Desktop\workspaceD20\GestorTramas_v2.0\src\test\resources
2018-01-31 17:47:39,668 [Worker-1] INFO  o.e.m.c.i.l.LifecycleMappingFactory - Using org.eclipse.m2e.jdt.JarLifecycleMapping lifecycle mapping for MavenProject: GestorTramas_v2.0:GestorTramas_v2.0:1 @ C:\Users\claud\Desktop\workspaceD20\GestorTramas_v2.0\pom.xml.
2018-01-31 17:47:40,008 [Worker-1] WARN  o.e.m.c.i.embedder.EclipseLogger - Using platform encoding (Cp1252 actually) to copy filtered resources, i.e. build is platform dependent!
2018-01-31 17:47:40,010 [Worker-1] INFO  o.e.m.c.i.embedder.EclipseLogger - Copying 0 resource
2018-01-31 17:47:40,011 [Worker-1] WARN  o.e.m.c.i.embedder.EclipseLogger - Using platform encoding (Cp1252 actually) to copy filtered resources, i.e. build is platform dependent!
2018-01-31 17:47:40,013 [Worker-1] INFO  o.e.m.c.i.embedder.EclipseLogger - skip non existing resourceDirectory C:\Users\claud\Desktop\workspaceD20\GestorTramas_v2.0\src\test\resources
2018-01-31 17:47:58,128 [Worker-8] WARN  o.e.m.c.i.embedder.EclipseLogger - Using platform encoding (Cp1252 actually) to copy filtered resources, i.e. build is platform dependent!
2018-01-31 17:47:58,158 [Worker-8] INFO  o.e.m.c.i.embedder.EclipseLogger - Copying 77 resources
2018-01-31 17:47:58,466 [Worker-8] WARN  o.e.m.c.i.embedder.EclipseLogger - Using platform encoding (Cp1252 actually) to copy filtered resources, i.e. build is platform dependent!
2018-01-31 17:47:58,467 [Worker-8] INFO  o.e.m.c.i.embedder.EclipseLogger - skip non existing resourceDirectory C:\Users\claud\Desktop\workspaceD20\GestorTramas_v2.0\src\test\resources
2018-01-31 17:48:19,632 [Worker-10] ERROR o.e.m.j.i.l.MavenLaunchConfigurationListener - Launch configuration GestorApp references non-existing project GestorTramas_v2.0.
org.eclipse.core.runtime.CoreException: Launch configuration GestorApp references non-existing project GestorTramas_v2.0.
	at org.eclipse.jdt.launching.JavaRuntime.abort(JavaRuntime.java:1691) ~[org.eclipse.jdt.launching_3.9.50.v20171009-0349.jar:na]
	at org.eclipse.jdt.launching.JavaRuntime.getJavaProject(JavaRuntime.java:1566) ~[org.eclipse.jdt.launching_3.9.50.v20171009-0349.jar:na]
	at org.eclipse.m2e.jdt.internal.launch.MavenLaunchConfigurationListener.updateLaunchConfiguration(MavenLaunchConfigurationListener.java:53) [org.eclipse.m2e.jdt_1.8.2.20171007-0217.jar:na]
	at org.eclipse.m2e.jdt.internal.launch.MavenLaunchConfigurationListener.launchConfigurationChanged(MavenLaunchConfigurationListener.java:38) [org.eclipse.m2e.jdt_1.8.2.20171007-0217.jar:na]
	at org.eclipse.debug.internal.core.LaunchManager$ConfigurationNotifier.run(LaunchManager.java:226) [org.eclipse.debug.core_3.11.0.v20170605-1534.jar:na]
	at org.eclipse.core.runtime.SafeRunner.run(SafeRunner.java:42) [org.eclipse.equinox.common_3.9.0.v20170207-1454.jar:na]
	at org.eclipse.debug.internal.core.LaunchManager$ConfigurationNotifier.notify(LaunchManager.java:207) [org.eclipse.debug.core_3.11.0.v20170605-1534.jar:na]
	at org.eclipse.debug.internal.core.LaunchConfigurationWorkingCopy.setDirty(LaunchConfigurationWorkingCopy.java:552) [org.eclipse.debug.core_3.11.0.v20170605-1534.jar:na]
	at org.eclipse.debug.internal.core.LaunchConfigurationWorkingCopy.setAttribute(LaunchConfigurationWorkingCopy.java:425) [org.eclipse.debug.core_3.11.0.v20170605-1534.jar:na]
	at org.eclipse.m2e.jdt.internal.launch.MavenRuntimeClasspathProvider.disable(MavenRuntimeClasspathProvider.java:309) [org.eclipse.m2e.jdt_1.8.2.20171007-0217.jar:na]
	at org.eclipse.m2e.jdt.internal.launch.MavenRuntimeClasspathProvider.disable(MavenRuntimeClasspathProvider.java:335) [org.eclipse.m2e.jdt_1.8.2.20171007-0217.jar:na]
	at org.eclipse.m2e.jdt.internal.launch.MavenLaunchConfigurationListener.mavenProjectChanged(MavenLaunchConfigurationListener.java:70) [org.eclipse.m2e.jdt_1.8.2.20171007-0217.jar:na]
	at org.eclipse.m2e.core.internal.project.registry.ProjectRegistryManager.notifyProjectChangeListeners(ProjectRegistryManager.java:783) [org.eclipse.m2e.core_1.8.2.20171007-0217.jar:na]
	at org.eclipse.m2e.core.internal.project.registry.ProjectRegistryManager.applyMutableProjectRegistry(ProjectRegistryManager.java:930) [org.eclipse.m2e.core_1.8.2.20171007-0217.jar:na]
	at org.eclipse.m2e.core.internal.project.registry.ProjectRegistryRefreshJob$1.call(ProjectRegistryRefreshJob.java:98) [org.eclipse.m2e.core_1.8.2.20171007-0217.jar:na]
	at org.eclipse.m2e.core.internal.project.registry.ProjectRegistryRefreshJob$1.call(ProjectRegistryRefreshJob.java:1) [org.eclipse.m2e.core_1.8.2.20171007-0217.jar:na]
	at org.eclipse.m2e.core.internal.embedder.MavenExecutionContext.executeBare(MavenExecutionContext.java:177) [org.eclipse.m2e.core_1.8.2.20171007-0217.jar:na]
	at org.eclipse.m2e.core.internal.embedder.MavenExecutionContext.execute(MavenExecutionContext.java:151) [org.eclipse.m2e.core_1.8.2.20171007-0217.jar:na]
	at org.eclipse.m2e.core.internal.embedder.MavenExecutionContext.execute(MavenExecutionContext.java:99) [org.eclipse.m2e.core_1.8.2.20171007-0217.jar:na]
	at org.eclipse.m2e.core.internal.embedder.MavenImpl.execute(MavenImpl.java:1355) [org.eclipse.m2e.core_1.8.2.20171007-0217.jar:na]
	at org.eclipse.m2e.core.internal.project.registry.ProjectRegistryRefreshJob.run(ProjectRegistryRefreshJob.java:81) [org.eclipse.m2e.core_1.8.2.20171007-0217.jar:na]
	at org.eclipse.core.internal.jobs.Worker.run(Worker.java:56) [org.eclipse.core.jobs_3.9.1.v20170714-0547.jar:na]
2018-01-31 17:48:19,655 [Worker-10] ERROR o.e.m.j.i.l.MavenLaunchConfigurationListener - Launch configuration GestorApp references non-existing project GestorTramas_v2.0.
org.eclipse.core.runtime.CoreException: Launch configuration GestorApp references non-existing project GestorTramas_v2.0.
	at org.eclipse.jdt.launching.JavaRuntime.abort(JavaRuntime.java:1691) ~[org.eclipse.jdt.launching_3.9.50.v20171009-0349.jar:na]
	at org.eclipse.jdt.launching.JavaRuntime.getJavaProject(JavaRuntime.java:1566) ~[org.eclipse.jdt.launching_3.9.50.v20171009-0349.jar:na]
	at org.eclipse.m2e.jdt.internal.launch.MavenLaunchConfigurationListener.updateLaunchConfiguration(MavenLaunchConfigurationListener.java:53) [org.eclipse.m2e.jdt_1.8.2.20171007-0217.jar:na]
	at org.eclipse.m2e.jdt.internal.launch.MavenLaunchConfigurationListener.launchConfigurationChanged(MavenLaunchConfigurationListener.java:38) [org.eclipse.m2e.jdt_1.8.2.20171007-0217.jar:na]
	at org.eclipse.debug.internal.core.LaunchManager$ConfigurationNotifier.run(LaunchManager.java:226) [org.eclipse.debug.core_3.11.0.v20170605-1534.jar:na]
	at org.eclipse.core.runtime.SafeRunner.run(SafeRunner.java:42) [org.eclipse.equinox.common_3.9.0.v20170207-1454.jar:na]
	at org.eclipse.debug.internal.core.LaunchManager$ConfigurationNotifier.notify(LaunchManager.java:207) [org.eclipse.debug.core_3.11.0.v20170605-1534.jar:na]
	at org.eclipse.debug.internal.core.LaunchConfigurationWorkingCopy.setDirty(LaunchConfigurationWorkingCopy.java:552) [org.eclipse.debug.core_3.11.0.v20170605-1534.jar:na]
	at org.eclipse.debug.internal.core.LaunchConfigurationWorkingCopy.setAttribute(LaunchConfigurationWorkingCopy.java:425) [org.eclipse.debug.core_3.11.0.v20170605-1534.jar:na]
	at org.eclipse.m2e.jdt.internal.launch.MavenRuntimeClasspathProvider.disable(MavenRuntimeClasspathProvider.java:310) [org.eclipse.m2e.jdt_1.8.2.20171007-0217.jar:na]
	at org.eclipse.m2e.jdt.internal.launch.MavenRuntimeClasspathProvider.disable(MavenRuntimeClasspathProvider.java:335) [org.eclipse.m2e.jdt_1.8.2.20171007-0217.jar:na]
	at org.eclipse.m2e.jdt.internal.launch.MavenLaunchConfigurationListener.mavenProjectChanged(MavenLaunchConfigurationListener.java:70) [org.eclipse.m2e.jdt_1.8.2.20171007-0217.jar:na]
	at org.eclipse.m2e.core.internal.project.registry.ProjectRegistryManager.notifyProjectChangeListeners(ProjectRegistryManager.java:783) [org.eclipse.m2e.core_1.8.2.20171007-0217.jar:na]
	at org.eclipse.m2e.core.internal.project.registry.ProjectRegistryManager.applyMutableProjectRegistry(ProjectRegistryManager.java:930) [org.eclipse.m2e.core_1.8.2.20171007-0217.jar:na]
	at org.eclipse.m2e.core.internal.project.registry.ProjectRegistryRefreshJob$1.call(ProjectRegistryRefreshJob.java:98) [org.eclipse.m2e.core_1.8.2.20171007-0217.jar:na]
	at org.eclipse.m2e.core.internal.project.registry.ProjectRegistryRefreshJob$1.call(ProjectRegistryRefreshJob.java:1) [org.eclipse.m2e.core_1.8.2.20171007-0217.jar:na]
	at org.eclipse.m2e.core.internal.embedder.MavenExecutionContext.executeBare(MavenExecutionContext.java:177) [org.eclipse.m2e.core_1.8.2.20171007-0217.jar:na]
	at org.eclipse.m2e.core.internal.embedder.MavenExecutionContext.execute(MavenExecutionContext.java:151) [org.eclipse.m2e.core_1.8.2.20171007-0217.jar:na]
	at org.eclipse.m2e.core.internal.embedder.MavenExecutionContext.execute(MavenExecutionContext.java:99) [org.eclipse.m2e.core_1.8.2.20171007-0217.jar:na]
	at org.eclipse.m2e.core.internal.embedder.MavenImpl.execute(MavenImpl.java:1355) [org.eclipse.m2e.core_1.8.2.20171007-0217.jar:na]
	at org.eclipse.m2e.core.internal.project.registry.ProjectRegistryRefreshJob.run(ProjectRegistryRefreshJob.java:81) [org.eclipse.m2e.core_1.8.2.20171007-0217.jar:na]
	at org.eclipse.core.internal.jobs.Worker.run(Worker.java:56) [org.eclipse.core.jobs_3.9.1.v20170714-0547.jar:na]
2018-01-31 17:48:19,661 [Worker-10] ERROR o.e.m.j.i.l.MavenLaunchConfigurationListener - Launch configuration GestorApp references non-existing project GestorTramas_v2.0.
org.eclipse.core.runtime.CoreException: Launch configuration GestorApp references non-existing project GestorTramas_v2.0.
	at org.eclipse.jdt.launching.JavaRuntime.abort(JavaRuntime.java:1691) ~[org.eclipse.jdt.launching_3.9.50.v20171009-0349.jar:na]
	at org.eclipse.jdt.launching.JavaRuntime.getJavaProject(JavaRuntime.java:1566) ~[org.eclipse.jdt.launching_3.9.50.v20171009-0349.jar:na]
	at org.eclipse.m2e.jdt.internal.launch.MavenLaunchConfigurationListener.updateLaunchConfiguration(MavenLaunchConfigurationListener.java:53) [org.eclipse.m2e.jdt_1.8.2.20171007-0217.jar:na]
	at org.eclipse.m2e.jdt.internal.launch.MavenLaunchConfigurationListener.launchConfigurationChanged(MavenLaunchConfigurationListener.java:38) [org.eclipse.m2e.jdt_1.8.2.20171007-0217.jar:na]
	at org.eclipse.debug.internal.core.LaunchManager$ConfigurationNotifier.run(LaunchManager.java:226) [org.eclipse.debug.core_3.11.0.v20170605-1534.jar:na]
	at org.eclipse.core.runtime.SafeRunner.run(SafeRunner.java:42) [org.eclipse.equinox.common_3.9.0.v20170207-1454.jar:na]
	at org.eclipse.debug.internal.core.LaunchManager$ConfigurationNotifier.notify(LaunchManager.java:207) [org.eclipse.debug.core_3.11.0.v20170605-1534.jar:na]
	at org.eclipse.debug.internal.core.LaunchManager.launchConfigurationChanged(LaunchManager.java:2166) [org.eclipse.debug.core_3.11.0.v20170605-1534.jar:na]
	at org.eclipse.debug.internal.core.LaunchConfigurationWorkingCopy.writeNewFile(LaunchConfigurationWorkingCopy.java:384) [org.eclipse.debug.core_3.11.0.v20170605-1534.jar:na]
	at org.eclipse.debug.internal.core.LaunchConfigurationWorkingCopy.doSave0(LaunchConfigurationWorkingCopy.java:250) [org.eclipse.debug.core_3.11.0.v20170605-1534.jar:na]
	at org.eclipse.debug.internal.core.LaunchConfigurationWorkingCopy.doSave(LaunchConfigurationWorkingCopy.java:220) [org.eclipse.debug.core_3.11.0.v20170605-1534.jar:na]
	at org.eclipse.debug.internal.core.LaunchConfigurationWorkingCopy.doSave(LaunchConfigurationWorkingCopy.java:173) [org.eclipse.debug.core_3.11.0.v20170605-1534.jar:na]
	at org.eclipse.m2e.jdt.internal.launch.MavenRuntimeClasspathProvider.disable(MavenRuntimeClasspathProvider.java:311) [org.eclipse.m2e.jdt_1.8.2.20171007-0217.jar:na]
	at org.eclipse.m2e.jdt.internal.launch.MavenRuntimeClasspathProvider.disable(MavenRuntimeClasspathProvider.java:335) [org.eclipse.m2e.jdt_1.8.2.20171007-0217.jar:na]
	at org.eclipse.m2e.jdt.internal.launch.MavenLaunchConfigurationListener.mavenProjectChanged(MavenLaunchConfigurationListener.java:70) [org.eclipse.m2e.jdt_1.8.2.20171007-0217.jar:na]
	at org.eclipse.m2e.core.internal.project.registry.ProjectRegistryManager.notifyProjectChangeListeners(ProjectRegistryManager.java:783) [org.eclipse.m2e.core_1.8.2.20171007-0217.jar:na]
	at org.eclipse.m2e.core.internal.project.registry.ProjectRegistryManager.applyMutableProjectRegistry(ProjectRegistryManager.java:930) [org.eclipse.m2e.core_1.8.2.20171007-0217.jar:na]
	at org.eclipse.m2e.core.internal.project.registry.ProjectRegistryRefreshJob$1.call(ProjectRegistryRefreshJob.java:98) [org.eclipse.m2e.core_1.8.2.20171007-0217.jar:na]
	at org.eclipse.m2e.core.internal.project.registry.ProjectRegistryRefreshJob$1.call(ProjectRegistryRefreshJob.java:1) [org.eclipse.m2e.core_1.8.2.20171007-0217.jar:na]
	at org.eclipse.m2e.core.internal.embedder.MavenExecutionContext.executeBare(MavenExecutionContext.java:177) [org.eclipse.m2e.core_1.8.2.20171007-0217.jar:na]
	at org.eclipse.m2e.core.internal.embedder.MavenExecutionContext.execute(MavenExecutionContext.java:151) [org.eclipse.m2e.core_1.8.2.20171007-0217.jar:na]
	at org.eclipse.m2e.core.internal.embedder.MavenExecutionContext.execute(MavenExecutionContext.java:99) [org.eclipse.m2e.core_1.8.2.20171007-0217.jar:na]
	at org.eclipse.m2e.core.internal.embedder.MavenImpl.execute(MavenImpl.java:1355) [org.eclipse.m2e.core_1.8.2.20171007-0217.jar:na]
	at org.eclipse.m2e.core.internal.project.registry.ProjectRegistryRefreshJob.run(ProjectRegistryRefreshJob.java:81) [org.eclipse.m2e.core_1.8.2.20171007-0217.jar:na]
	at org.eclipse.core.internal.jobs.Worker.run(Worker.java:56) [org.eclipse.core.jobs_3.9.1.v20170714-0547.jar:na]
2018-01-31 17:48:33,366 [Worker-4] INFO  o.e.m.c.i.l.LifecycleMappingFactory - Using org.eclipse.m2e.jdt.JarLifecycleMapping lifecycle mapping for MavenProject: GestorTramas_v2.0:GestorTramas_v2.0:1 @ C:\Users\claud\Desktop\workspaceD20\GestorTramas_v2.0\pom.xml.
2018-01-31 17:48:33,627 [Worker-4] WARN  o.e.m.c.i.embedder.EclipseLogger - Using platform encoding (Cp1252 actually) to copy filtered resources, i.e. build is platform dependent!
2018-01-31 17:48:33,629 [Worker-4] INFO  o.e.m.c.i.embedder.EclipseLogger - Copying 77 resources
2018-01-31 17:48:33,895 [Worker-4] WARN  o.e.m.c.i.embedder.EclipseLogger - Using platform encoding (Cp1252 actually) to copy filtered resources, i.e. build is platform dependent!
2018-01-31 17:48:33,897 [Worker-4] INFO  o.e.m.c.i.embedder.EclipseLogger - skip non existing resourceDirectory C:\Users\claud\Desktop\workspaceD20\GestorTramas_v2.0\src\test\resources
2018-01-31 17:48:37,098 [Worker-7] WARN  o.e.m.c.i.embedder.EclipseLogger - Using platform encoding (Cp1252 actually) to copy filtered resources, i.e. build is platform dependent!
2018-01-31 17:48:37,114 [Worker-7] INFO  o.e.m.c.i.embedder.EclipseLogger - Copying 77 resources
